c:\users\leemc\source\repos\basic_d3d\x64\debug\vc142.pdb
c:\users\leemc\source\repos\basic_d3d\x64\debug\vc142.idb
c:\users\leemc\source\repos\basic_d3d\x64\debug\task_02.obj
c:\users\leemc\source\repos\basic_d3d\x64\debug\scene.obj
c:\users\leemc\source\repos\basic_d3d\x64\debug\object.obj
c:\users\leemc\source\repos\basic_d3d\x64\debug\gameframework.obj
c:\users\leemc\source\repos\basic_d3d\x64\debug\task_02.pch
c:\users\leemc\source\repos\basic_d3d\x64\debug\stdafx.obj
c:\users\leemc\source\repos\basic_d3d\x64\debug\timer.obj
c:\users\leemc\source\repos\basic_d3d\x64\debug\shader.obj
c:\users\leemc\source\repos\basic_d3d\x64\debug\player.obj
c:\users\leemc\source\repos\basic_d3d\x64\debug\mesh.obj
c:\users\leemc\source\repos\basic_d3d\x64\debug\camera.obj
c:\users\leemc\source\repos\basic_d3d\x64\debug\shaders.cso
c:\users\leemc\source\repos\basic_d3d\x64\debug\task_02.exe
c:\users\leemc\source\repos\basic_d3d\x64\debug\task_02.ilk
c:\users\leemc\source\repos\basic_d3d\x64\debug\task_02.pdb
c:\users\leemc\source\repos\basic_d3d\x64\debug\labproject07-9-1.res
c:\users\leemc\source\repos\basic_d3d\x64\debug\task_02.tlog\cl.command.1.tlog
c:\users\leemc\source\repos\basic_d3d\x64\debug\task_02.tlog\cl.read.1.tlog
c:\users\leemc\source\repos\basic_d3d\x64\debug\task_02.tlog\cl.write.1.tlog
c:\users\leemc\source\repos\basic_d3d\x64\debug\task_02.tlog\fxc.command.1.tlog
c:\users\leemc\source\repos\basic_d3d\x64\debug\task_02.tlog\fxc.read.1.tlog
c:\users\leemc\source\repos\basic_d3d\x64\debug\task_02.tlog\fxc.write.1.tlog
c:\users\leemc\source\repos\basic_d3d\x64\debug\task_02.tlog\link.command.1.tlog
c:\users\leemc\source\repos\basic_d3d\x64\debug\task_02.tlog\link.read.1.tlog
c:\users\leemc\source\repos\basic_d3d\x64\debug\task_02.tlog\link.write.1.tlog
c:\users\leemc\source\repos\basic_d3d\x64\debug\task_02.tlog\rc.command.1.tlog
c:\users\leemc\source\repos\basic_d3d\x64\debug\task_02.tlog\rc.read.1.tlog
c:\users\leemc\source\repos\basic_d3d\x64\debug\task_02.tlog\rc.write.1.tlog
